<?xml version="1.0" encoding="UTF-8"?>
<!-- Generated by org.testng.reporters.JUnitReportReporter -->
<testsuite hostname="family" name="gitdemo1.EbayEx" tests="1" failures="0" timestamp="23 Jan 2017 19:53:46 GMT" time="0.807" errors="0">
  <testcase name="verifyTitle" time="0.807" classname="gitdemo1.EbayEx"/>
</testsuite> <!-- gitdemo1.EbayEx -->
