<?xml version="1.0" encoding="UTF-8"?>
<!-- Generated by org.testng.reporters.JUnitReportReporter -->
<testsuite hostname="family" name="com.jenkins.JenkinsMaven.JenkinsDemoMaven" tests="1" failures="0" timestamp="25 Oct 2016 20:33:26 GMT" time="0.158" errors="0">
  <testcase name="verifyTitle" time="0.158" classname="com.jenkins.JenkinsMaven.JenkinsDemoMaven"/>
</testsuite> <!-- com.jenkins.JenkinsMaven.JenkinsDemoMaven -->
